<?xml version="1.0" encoding="UTF-8" ?>
<testsuite errors="0" failures="1" hostname="einstein.local" name="quiz.meal.simple.HardCodeOrderMakerTest" tests="5" time="0.317" timestamp="2009-04-25T01:13:55">
  <properties>
[...]
</properties>
  <testcase classname="quiz.meal.simple.HardCodeOrderMakerTest" name="testSimpleOrder" time="0.086" />
  <testcase classname="quiz.meal.simple.HardCodeOrderMakerTest" name="testOrderWithMeal" time="0.029" />
  <testcase classname="quiz.meal.simple.HardCodeOrderMakerTest" name="testChooseCheapMeal" time="0.024" />
  <testcase classname="quiz.meal.simple.HardCodeOrderMakerTest" name="testChickenMeal" time="0.039">
    <failure message="not minimum price for [Food(脆香雞翼 (4件),14.00), Food(麥樂雞 (6件),12.80), Food(中薯條,8.80), Food(中可樂,8.50), Food(中薯條,8.80), Food(中可樂,8.50)] expected:&lt;49.6&gt; but was:&lt;61.400000000000006&gt;" type="junit.framework.AssertionFailedError">junit.framework.AssertionFailedError: not minimum price for [Food(脆香雞翼 (4件),14.00), Food(麥樂雞 (6件),12.80), Food(中薯條,8.80), Food(中可樂,8.50), Food(中薯條,8.80), Food(中可樂,8.50)] expected:&lt;49.6&gt; but was:&lt;61.400000000000006&gt;
	at quiz.meal.AbstractOrderMakerTest.baseOrderTest(AbstractOrderMakerTest.java:76)
	at quiz.meal.AbstractOrderMakerTest.testChickenMeal(AbstractOrderMakerTest.java:55)
</failure>
  </testcase>
  <testcase classname="quiz.meal.simple.HardCodeOrderMakerTest" name="testOrders" time="0.056" />
  <system-out><![CDATA[]]></system-out>
  <system-err><![CDATA[2009/4/25 上午 09:13:55 quiz.meal.AbstractOrderMakerTest baseOrderTest
資訊: testing [Food(至尊漢堡,16.80)]
2009/4/25 上午 09:13:55 quiz.meal.AbstractOrderMakerTest baseOrderTest
資訊:    expects: [Food(至尊漢堡,16.80)]
2009/4/25 上午 09:13:55 quiz.meal.AbstractOrderMakerTest baseOrderTest
資訊:    result:  [Food(至尊漢堡,16.80)]
2009/4/25 上午 09:13:55 quiz.meal.AbstractOrderMakerTest baseOrderTest
資訊: testing [Food(雙層芝士孖堡,12.50), Food(中薯條,8.80), Food(中可樂,8.50)]
2009/4/25 上午 09:13:55 quiz.meal.AbstractOrderMakerTest baseOrderTest
資訊:    expects: [Meal(雙層芝士孖堡套餐,23.80)]
2009/4/25 上午 09:13:55 quiz.meal.AbstractOrderMakerTest baseOrderTest
資訊:    result:  [Meal(雙層芝士孖堡套餐,23.80)]
2009/4/25 上午 09:13:55 quiz.meal.AbstractOrderMakerTest baseOrderTest
資訊: testing [Food(雙層芝士孖堡,12.50), Food(至尊漢堡,16.80), Food(中薯條,8.80), Food(中可樂,8.50)]
2009/4/25 上午 09:13:55 quiz.meal.AbstractOrderMakerTest baseOrderTest
資訊:    expects: [Food(雙層芝士孖堡,12.50), Meal(至尊漢堡套餐,26.60)]
2009/4/25 上午 09:13:55 quiz.meal.AbstractOrderMakerTest baseOrderTest
資訊:    result:  [Food(雙層芝士孖堡,12.50), Meal(至尊漢堡套餐,26.60)]
2009/4/25 上午 09:13:55 quiz.meal.AbstractOrderMakerTest baseOrderTest
資訊: testing [Food(脆香雞翼 (4件),14.00), Food(麥樂雞 (6件),12.80), Food(中薯條,8.80), Food(中可樂,8.50), Food(中薯條,8.80), Food(中可樂,8.50)]
2009/4/25 上午 09:13:55 quiz.meal.AbstractOrderMakerTest baseOrderTest
資訊:    expects: [Meal(麥樂雞 (6件) 套餐,24.80), Meal(脆香雞翼套餐,24.80)]
2009/4/25 上午 09:13:55 quiz.meal.AbstractOrderMakerTest baseOrderTest
資訊:    result:  [Food(脆香雞翼 (4件),14.00), Food(麥樂雞 (6件),12.80), Food(中薯條,8.80), Food(中可樂,8.50), Food(中薯條,8.80), Food(中可樂,8.50)]
2009/4/25 上午 09:13:55 quiz.meal.AbstractOrderMakerTest baseOrderTest
資訊: testing [Food(雙層芝士孖堡,12.50), Food(中薯條,8.80), Food(中可樂,8.50), Food(至尊漢堡,16.80), Food(中薯條,8.80), Food(中可樂,8.50)]
2009/4/25 上午 09:13:55 quiz.meal.AbstractOrderMakerTest baseOrderTest
資訊:    expects: [Meal(雙層芝士孖堡套餐,23.80), Meal(至尊漢堡套餐,26.60)]
2009/4/25 上午 09:13:55 quiz.meal.AbstractOrderMakerTest baseOrderTest
資訊:    result:  [Meal(雙層芝士孖堡套餐,23.80), Meal(至尊漢堡套餐,26.60)]
2009/4/25 上午 09:13:55 quiz.meal.AbstractOrderMakerTest baseOrderTest
資訊: testing [Food(雙層芝士孖堡,12.50), Food(中薯條,8.80), Food(至尊漢堡,16.80), Food(中薯條,8.80), Food(中可樂,8.50)]
2009/4/25 上午 09:13:55 quiz.meal.AbstractOrderMakerTest baseOrderTest
資訊:    expects: [Meal(至尊漢堡套餐,26.60), Food(中薯條,8.80), Food(雙層芝士孖堡,12.50)]
2009/4/25 上午 09:13:55 quiz.meal.AbstractOrderMakerTest baseOrderTest
資訊:    result:  [Meal(至尊漢堡套餐,26.60), Food(中薯條,8.80), Food(雙層芝士孖堡,12.50)]
2009/4/25 上午 09:13:55 quiz.meal.AbstractOrderMakerTest baseOrderTest
資訊: testing [Food(雙層芝士孖堡,12.50), Food(雙層芝士孖堡,12.50), Food(雙層芝士孖堡,12.50), Food(中薯條,8.80), Food(中可樂,8.50)]
2009/4/25 上午 09:13:55 quiz.meal.AbstractOrderMakerTest baseOrderTest
資訊:    expects: [Food(雙層芝士孖堡,12.50), Food(雙層芝士孖堡,12.50), Meal(雙層芝士孖堡套餐,23.80)]
2009/4/25 上午 09:13:55 quiz.meal.AbstractOrderMakerTest baseOrderTest
資訊:    result:  [Food(雙層芝士孖堡,12.50), Food(雙層芝士孖堡,12.50), Meal(雙層芝士孖堡套餐,23.80)]
]]></system-err>
</testsuite>
